2021-04-08 02:53:57,794 DEBUG    root            Loaded Command Group: ['gcloud', 'config']
2021-04-08 02:53:57,799 DEBUG    root            Loaded Command Group: ['gcloud', 'config', 'config_helper']
2021-04-08 02:53:57,803 DEBUG    root            Running [gcloud.config.config-helper] with arguments: [--format: "json", --quiet: "True"]
2021-04-08 02:53:57,829 DEBUG    google.auth.transport.requests Making request: GET http://metadata.google.internal/computeMetadata/v1/instance/service-accounts/rnyati@asu.edu/?recursive=true
2021-04-08 02:53:57,834 DEBUG    urllib3.connectionpool Starting new HTTP connection (1): metadata.google.internal:80
2021-04-08 02:53:57,838 DEBUG    urllib3.connectionpool http://metadata.google.internal:80 "GET /computeMetadata/v1/instance/service-accounts/rnyati@asu.edu/?recursive=true HTTP/1.1" 200 None
2021-04-08 02:53:57,839 DEBUG    google.auth.transport.requests Making request: GET http://metadata.google.internal/computeMetadata/v1/instance/service-accounts/rnyati@asu.edu/token
2021-04-08 02:53:57,843 DEBUG    urllib3.connectionpool Resetting dropped connection: metadata.google.internal
2021-04-08 02:53:57,847 DEBUG    urllib3.connectionpool http://metadata.google.internal:80 "GET /computeMetadata/v1/instance/service-accounts/rnyati@asu.edu/token HTTP/1.1" 200 None
2021-04-08 02:53:57,869 INFO     root            Display format: "default json"
2021-04-08 02:53:57,955 INFO     ___FILE_ONLY___ {
  "configuration": {
    "active_configuration": "default",
    "properties": {
      "component_manager": {
        "disable_update_check": "True"
      },
      "compute": {
        "gce_metadata_read_timeout_sec": "30"
      },
      "core": {
        "account": "rnyati@asu.edu",
        "disable_prompts": "True",
        "disable_usage_reporting": "True"
      },
      "metrics": {
        "environment": "cloudcode.vscode",
        "environment_version": "1.9.0"
      }
    }
  },
  "credential": {
    "access_token": "ya29.a0AfH6SMBpcuyfn61Z-xsuIBLH7rQmLNB-cQ7NCF9QmaP-L1J_qixCyh9HQAiXRiq8KdqoE_dVxUZgDu-2twL7AaHW1VfBHMugmmKRkDsiW3jcq5fou8h8exAuFRFm-hV3hY65mGTArFkkjbfwXag0YeJKXg6HRspcRswaH4uNWL0-NNLcqqIqLsAe74RxkBsEPl4pAxw1g_bgXflnW4A19qgQVG14_CXBqzkT1zzE4oMj0BazkhqF8a2L4GQNCyViuQNiNGc",
    "id_token": "eyJhbGciOiJSUzI1NiIsImtpZCI6ImUxYWMzOWI2Y2NlZGEzM2NjOGNhNDNlOWNiYzE0ZjY2ZmFiODVhNGMiLCJ0eXAiOiJKV1QifQ.eyJpc3MiOiJhY2NvdW50cy5nb29nbGUuY29tIiwiYXpwIjoiNjE4MTA0NzA4MDU0LTlyOXMxYzRhbGczNmVybGl1Y2hvOXQ1Mm4zMm42ZGdxLmFwcHMuZ29vZ2xldXNlcmNvbnRlbnQuY29tIiwiYXVkIjoiNjE4MTA0NzA4MDU0LTlyOXMxYzRhbGczNmVybGl1Y2hvOXQ1Mm4zMm42ZGdxLmFwcHMuZ29vZ2xldXNlcmNvbnRlbnQuY29tIiwic3ViIjoiMTE1NjQ0NDAwMDM5MDE5NjAzNzEyIiwiaGQiOiJhc3UuZWR1IiwiZW1haWwiOiJybnlhdGlAYXN1LmVkdSIsImVtYWlsX3ZlcmlmaWVkIjp0cnVlLCJhdF9oYXNoIjoicTNTOGtpa004QTF0bjc0WVZmcWROdyIsImlhdCI6MTYxNzg0OTk2NywiZXhwIjoxNjE3ODUzNTY3LCJqdGkiOiIyMjlmYzJjMjk4Mjg4OGU3YjE2NjI5MmRlZDhiOWRkOGJjMDgxY2E2In0.SVy2Xx80mUX2_5v6CaUsfj05YuNTvIVCGhhKNoEeX078dh181JXTqiw1JQE_S9RBWwzeL_gkbNuhm_JxIOHHyr03BHlP0dUqXFvQO1wfNTyDsP5whSLMPDaVTWPjXsLFw5wNSzfM6WKkAiTaUdN-PTL2nYWjW1pW4dBx-UjRrupHXia2HODbD4CbSOmzMYf-0KkD_CFkXGJhX_xgmrxCsngeUeH-rItON-hWkgjW1-ywyv6D-YfXf0Swz9fyMi7uLGN1xvee6Xs-bEY1m-imMOFDIs8UpRPgvjDK9QkaPPYB7vQgJ8uVsr2u8HP3xEA-CN0xJqKJS15A3QbquMgFig",
    "token_expiry": "2021-04-08T03:46:05Z"
  },
  "sentinels": {
    "config_sentinel": "/home/rnyati/.config/gcloud/config_sentinel"
  }
}
2021-04-08 02:53:57,955 INFO     ___FILE_ONLY___ 

2021-04-08 02:53:57,956 DEBUG    root            SDK update checks are disabled.
